<?xml version="1.0" encoding="UTF-8"?>
<!-- Generated by org.testng.reporters.JUnitReportReporter -->
<testsuite hostname="DHIRAJ" failures="0" tests="3" name="dataprovide.DataProvideExample" time="9.097" errors="0" timestamp="2024-12-13T10:47:35 IST" skipped="0">
  <testcase classname="dataprovide.DataProvideExample" name="launch" time="4.676"/>
  <system-out/>
  <testcase classname="dataprovide.DataProvideExample" name="launch" time="2.190"/>
  <system-out/>
  <testcase classname="dataprovide.DataProvideExample" name="launch" time="2.231"/>
  <system-out/>
</testsuite> <!-- dataprovide.DataProvideExample -->
