<?xml version="1.0" encoding="UTF-8"?>
<!-- Generated by org.testng.reporters.JUnitReportReporter -->
<testsuite hostname="DHIRAJ" failures="0" tests="2" name="assingment.WebformsBw" time="11.536" errors="0" timestamp="2024-12-13T14:32:29 IST" skipped="0">
  <testcase classname="assingment.WebformsBw" name="qspDemo" time="4.610"/>
  <system-out/>
  <testcase classname="assingment.WebformsBw" name="qspDemo" time="6.926"/>
  <system-out/>
</testsuite> <!-- assingment.WebformsBw -->
