<?xml version="1.0" encoding="UTF-8"?>
<!-- Generated by org.testng.reporters.JUnitReportReporter -->
<testsuite hostname="DHIRAJ" failures="0" tests="1" name="groups.Sanity" time="12.369" errors="0" timestamp="2024-12-16T00:18:48 IST" skipped="0">
  <testcase classname="groups.Sanity" name="sanity" time="12.369"/>
  <system-out/>
</testsuite> <!-- groups.Sanity -->
