<?xml version="1.0" encoding="UTF-8"?>
<!-- Generated by org.testng.reporters.JUnitReportReporter -->
<testsuite hostname="DHIRAJ" failures="0" tests="2" name="Advance.Headlesss" time="4.148" errors="0" timestamp="2024-12-17T11:11:40 IST" skipped="0">
  <testcase classname="Advance.Headlesss" name="head" time="2.269"/>
  <system-out/>
  <testcase classname="Advance.Headlesss" name="incognito" time="1.879"/>
  <system-out/>
</testsuite> <!-- Advance.Headlesss -->
