<?xml version="1.0" encoding="UTF-8"?>
<!-- Generated by org.testng.reporters.JUnitReportReporter -->
<testsuite hostname="DHIRAJ" failures="0" tests="1" name="groups.GroupExample" time="0.007" errors="0" timestamp="2024-12-12T11:41:14 IST" skipped="0">
  <testcase classname="groups.GroupExample" name="test1" time="0.007"/>
  <system-out/>
</testsuite> <!-- groups.GroupExample -->
