<?xml version="1.0" encoding="UTF-8"?>
<!-- Generated by org.testng.reporters.JUnitReportReporter -->
<testsuite hostname="DHIRAJ" failures="0" tests="3" name="dataprovide.DataPro" time="0.011" errors="0" timestamp="2024-12-13T11:21:15 IST" skipped="0">
  <testcase classname="dataprovide.DataPro" name="loginTestData" time="0.007"/>
  <system-out/>
  <testcase classname="dataprovide.DataPro" name="loginTestData" time="0.003"/>
  <system-out/>
  <testcase classname="dataprovide.DataPro" name="loginTestData" time="0.001"/>
  <system-out/>
</testsuite> <!-- dataprovide.DataPro -->
