<?xml version="1.0" encoding="UTF-8"?>
<!-- Generated by org.testng.reporters.JUnitReportReporter -->
<testsuite hostname="DHIRAJ" failures="0" tests="1" name="groups.Performance" time="8.165" errors="0" timestamp="2024-12-16T00:18:48 IST" skipped="0">
  <testcase classname="groups.Performance" name="perforTest" time="8.165"/>
  <system-out/>
</testsuite> <!-- groups.Performance -->
