<?xml version="1.0" encoding="UTF-8"?>
<!-- Generated by org.testng.reporters.JUnitReportReporter -->
<testsuite hostname="DHIRAJ" failures="0" tests="1" name="Advance.AutoITt" time="5.776" errors="0" timestamp="2024-12-17T12:31:17 IST" skipped="0">
  <testcase classname="Advance.AutoITt" name="auto" time="5.776"/>
  <system-out/>
</testsuite> <!-- Advance.AutoITt -->
