<?xml version="1.0" encoding="UTF-8"?>
<!-- Generated by org.testng.reporters.JUnitReportReporter -->
<testsuite hostname="DHIRAJ" failures="0" tests="6" name="runnerScript.TestRunner" time="37.194" errors="0" timestamp="2024-12-13T17:41:44 IST" skipped="0">
  <testcase classname="runnerScript.TestRunner" name="runner" time="14.743"/>
  <system-out/>
  <testcase classname="runnerScript.TestRunner" name="runner" time="3.297"/>
  <system-out/>
  <testcase classname="runnerScript.TestRunner" name="title" time="2.470"/>
  <system-out/>
  <testcase classname="runnerScript.TestRunner" name="checkUsn" time="4.101"/>
  <system-out/>
  <testcase classname="runnerScript.TestRunner" name="runner" time="9.222"/>
  <system-out/>
  <testcase classname="runnerScript.TestRunner" name="checkLgButton" time="3.361"/>
  <system-out/>
</testsuite> <!-- runnerScript.TestRunner -->
