<?xml version="1.0" encoding="UTF-8"?>
<!-- Generated by org.testng.reporters.JUnitReportReporter -->
<testsuite hostname="DHIRAJ" failures="0" tests="1" name="assingment.Webforms" time="7.546" errors="0" timestamp="2024-12-13T12:29:24 IST" skipped="0">
  <testcase classname="assingment.Webforms" name="qspDemo" time="7.546"/>
  <system-out/>
</testsuite> <!-- assingment.Webforms -->
